Using pre-set license
Built from '2020.3/release' branch; Version is '2020.3.1f1 (77a89f25062f) revision 7841951'; Using compiler version '192528614'; Build Type 'Release'
OS: 'Windows 10 Pro; OS build 18362.476; Version 1903; 64bit' Language: 'es' Physical Memory: 3999 MB
BatchMode: 1, IsHumanControllingUs: 0, StartBugReporterOnCrash: 0, Is64bit: 1, IsPro: 0

 COMMAND LINE ARGUMENTS:
C:\Program Files\Unity\Hub\Editor\2020.3.1f1\Editor\Unity.exe
-adb2
-batchMode
-noUpm
-name
AssetImportWorker0
-projectPath
C:/Users/USER/Documents/Unity Projects/QuickClick-Prototype5/QuickClick-Prototype 5
-logFile
Logs/AssetImportWorker0.log
-srvPort
55796
Successfully changed project path to: C:/Users/USER/Documents/Unity Projects/QuickClick-Prototype5/QuickClick-Prototype 5
C:/Users/USER/Documents/Unity Projects/QuickClick-Prototype5/QuickClick-Prototype 5
Using Asset Import Pipeline V2.
Refreshing native plugins compatible for Editor in 134.73 ms, found 0 plugins.
Preloading 0 native plugins for Editor in 0.00 ms.
Initialize engine version: 2020.3.1f1 (77a89f25062f)
[Subsystems] Discovering subsystems at path C:/Program Files/Unity/Hub/Editor/2020.3.1f1/Editor/Data/Resources/UnitySubsystems
[Subsystems] Discovering subsystems at path C:/Users/USER/Documents/Unity Projects/QuickClick-Prototype5/QuickClick-Prototype 5/Assets
GfxDevice: creating device client; threaded=0
Direct3D:
    Version:  Direct3D 11.0 [level 11.0]
    Renderer: Intel(R) HD Graphics 4000 (ID=0x166)
    Vendor:   
    VRAM:     128 MB
    Driver:   10.18.10.4425
Initialize mono
Mono path[0] = 'C:/Program Files/Unity/Hub/Editor/2020.3.1f1/Editor/Data/Managed'
Mono path[1] = 'C:/Program Files/Unity/Hub/Editor/2020.3.1f1/Editor/Data/MonoBleedingEdge/lib/mono/unityjit'
Mono config path = 'C:/Program Files/Unity/Hub/Editor/2020.3.1f1/Editor/Data/MonoBleedingEdge/etc'
Using monoOptions --debugger-agent=transport=dt_socket,embedding=1,server=y,suspend=n,address=127.0.0.1:56852
Begin MonoManager ReloadAssembly
Registering precompiled unity dll's ...
Register platform support module: C:/Program Files/Unity/Hub/Editor/2020.3.1f1/Editor/Data/PlaybackEngines/WindowsStandaloneSupport/UnityEditor.WindowsStandalone.Extensions.dll
Registered in 0.006769 seconds.
Native extension for WindowsStandalone target not found
Refreshing native plugins compatible for Editor in 112.33 ms, found 0 plugins.
Preloading 0 native plugins for Editor in 0.00 ms.
Invoked RoslynAnalysisRunner static constructor.
RoslynAnalysisRunner will not be running.
RoslynAnalysisRunner has terminated.
Mono: successfully reloaded assembly
- Completed reload, in 15.186 seconds
Platform modules already initialized, skipping
Registering precompiled user dll's ...
Registered in 0.015177 seconds.
Begin MonoManager ReloadAssembly
Native extension for WindowsStandalone target not found
Refreshing native plugins compatible for Editor in 1.13 ms, found 0 plugins.
Preloading 0 native plugins for Editor in 0.00 ms.
Invoked RoslynAnalysisRunner static constructor.
RoslynAnalysisRunner will not be running.
RoslynAnalysisRunner has terminated.
Mono: successfully reloaded assembly
- Completed reload, in  1.812 seconds
Platform modules already initialized, skipping
========================================================================
Worker process is ready to serve import requests
Launched and connected shader compiler UnityShaderCompiler.exe after 0.14 seconds
Refreshing native plugins compatible for Editor in 0.94 ms, found 0 plugins.
Preloading 0 native plugins for Editor in 0.00 ms.
Unloading 1295 Unused Serialized files (Serialized files now loaded: 0)
System memory in use before: 64.2 MB.
System memory in use after: 64.2 MB.

Unloading 30 unused Assets to reduce memory usage. Loaded Objects now: 1723.
Total: 148.020900 ms (FindLiveObjects: 22.330500 ms CreateObjectMapping: 89.358800 ms MarkObjects: 35.583300 ms  DeleteObjects: 0.744200 ms)

========================================================================
Received Import Request.
  path: Assets/_Scripts/GameManager.cs
  artifactKey: Guid(a4f13256a68839f45bc9d194767cb4c3) Importer(815301076,1909f56bfc062723c751e8b465ee728b)
Start importing Assets/_Scripts/GameManager.cs using Guid(a4f13256a68839f45bc9d194767cb4c3) Importer(815301076,1909f56bfc062723c751e8b465ee728b)  -> (artifact id: 'b7700988213a572fa25da9f9500df55a') in 0.182282 seconds
  Import took 0.195400 seconds .

========================================================================
Received Prepare
Registering precompiled user dll's ...
Registered in 0.008594 seconds.
Begin MonoManager ReloadAssembly
Native extension for WindowsStandalone target not found
Refreshing native plugins compatible for Editor in 0.66 ms, found 0 plugins.
Preloading 0 native plugins for Editor in 0.00 ms.
Invoked RoslynAnalysisRunner static constructor.
RoslynAnalysisRunner will not be running.
RoslynAnalysisRunner has terminated.
Mono: successfully reloaded assembly
- Completed reload, in  1.468 seconds
Platform modules already initialized, skipping
Refreshing native plugins compatible for Editor in 0.79 ms, found 0 plugins.
Preloading 0 native plugins for Editor in 0.00 ms.
Unloading 1275 Unused Serialized files (Serialized files now loaded: 0)
System memory in use before: 63.1 MB.
System memory in use after: 63.2 MB.

Unloading 25 unused Assets to reduce memory usage. Loaded Objects now: 1726.
Total: 3.452900 ms (FindLiveObjects: 0.333200 ms CreateObjectMapping: 0.148400 ms MarkObjects: 2.848700 ms  DeleteObjects: 0.120700 ms)

========================================================================
Received Import Request.
  Time since last request: 243.818272 seconds.
  path: Assets/TextMesh Pro
  artifactKey: Guid(f54d1bd14bd3ca042bd867b519fee8cc) Importer(815301076,1909f56bfc062723c751e8b465ee728b)
Start importing Assets/TextMesh Pro using Guid(f54d1bd14bd3ca042bd867b519fee8cc) Importer(815301076,1909f56bfc062723c751e8b465ee728b)  -> (artifact id: '4fe1e02b069bed39c508f869cad12467') in 0.026960 seconds
  Import took 0.031779 seconds .

========================================================================
Received Import Request.
  Time since last request: 2.285938 seconds.
  path: Assets/Prefabs/Enemies/BadBomb.prefab
  artifactKey: Guid(ae915dbdfca9f964a8de3a477fbc434a) Importer(815301076,1909f56bfc062723c751e8b465ee728b)
Start importing Assets/Prefabs/Enemies/BadBomb.prefab using Guid(ae915dbdfca9f964a8de3a477fbc434a) Importer(815301076,1909f56bfc062723c751e8b465ee728b)  -> (artifact id: '301159e9ec50e48d7f99f82f8fa1bb0e') in 0.304297 seconds
  Import took 0.310690 seconds .

========================================================================
Received Import Request.
  Time since last request: 0.000324 seconds.
  path: Assets/Prefabs/Enemies/BadDeath.prefab
  artifactKey: Guid(ad12ba50d3c86c145a0895b2ac589201) Importer(815301076,1909f56bfc062723c751e8b465ee728b)
Start importing Assets/Prefabs/Enemies/BadDeath.prefab using Guid(ad12ba50d3c86c145a0895b2ac589201) Importer(815301076,1909f56bfc062723c751e8b465ee728b)  -> (artifact id: 'ae7814d98ec5da4b9d94de8c1cbff823') in 0.085173 seconds
  Import took 0.091029 seconds .

========================================================================
Received Import Request.
  Time since last request: 9.711734 seconds.
  path: Assets/Prefabs/Enemies/BadBomb.prefab
  artifactKey: Guid(ae915dbdfca9f964a8de3a477fbc434a) Importer(815301076,1909f56bfc062723c751e8b465ee728b)
Start importing Assets/Prefabs/Enemies/BadBomb.prefab using Guid(ae915dbdfca9f964a8de3a477fbc434a) Importer(815301076,1909f56bfc062723c751e8b465ee728b)  -> (artifact id: '218d2ac86bafb4c7d08892824eae15cf') in 0.059589 seconds
  Import took 0.066599 seconds .

========================================================================
Received Import Request.
  Time since last request: 3.512017 seconds.
  path: Assets/Prefabs/Enemies/BadDeath.prefab
  artifactKey: Guid(ad12ba50d3c86c145a0895b2ac589201) Importer(815301076,1909f56bfc062723c751e8b465ee728b)
Start importing Assets/Prefabs/Enemies/BadDeath.prefab using Guid(ad12ba50d3c86c145a0895b2ac589201) Importer(815301076,1909f56bfc062723c751e8b465ee728b)  -> (artifact id: '2f569a788690d56ac09f2f0f0f71892c') in 0.081552 seconds
  Import took 0.100204 seconds .

========================================================================
Received Import Request.
  Time since last request: 11.923690 seconds.
  path: Assets/Prefabs/Enemies/BadDeath.prefab
  artifactKey: Guid(ad12ba50d3c86c145a0895b2ac589201) Importer(815301076,1909f56bfc062723c751e8b465ee728b)
Start importing Assets/Prefabs/Enemies/BadDeath.prefab using Guid(ad12ba50d3c86c145a0895b2ac589201) Importer(815301076,1909f56bfc062723c751e8b465ee728b)  -> (artifact id: 'ec47a0dcfb76821135dfd011331ae177') in 0.041674 seconds
  Import took 0.046972 seconds .

========================================================================
Received Import Request.
  Time since last request: 7.037584 seconds.
  path: Assets/Prefabs/Enemies/BadBomb.prefab
  artifactKey: Guid(ae915dbdfca9f964a8de3a477fbc434a) Importer(815301076,1909f56bfc062723c751e8b465ee728b)
Start importing Assets/Prefabs/Enemies/BadBomb.prefab using Guid(ae915dbdfca9f964a8de3a477fbc434a) Importer(815301076,1909f56bfc062723c751e8b465ee728b)  -> (artifact id: '73ee1523401fb47bedae21dea601df79') in 0.058490 seconds
  Import took 0.065531 seconds .

========================================================================
Received Import Request.
  Time since last request: 2.844430 seconds.
  path: Assets/Prefabs/Enemies/BadBomb.prefab
  artifactKey: Guid(ae915dbdfca9f964a8de3a477fbc434a) Importer(815301076,1909f56bfc062723c751e8b465ee728b)
Start importing Assets/Prefabs/Enemies/BadBomb.prefab using Guid(ae915dbdfca9f964a8de3a477fbc434a) Importer(815301076,1909f56bfc062723c751e8b465ee728b)  -> (artifact id: 'f02332bbe65b8e9197834ee34b8af86b') in 0.058636 seconds
  Import took 0.064200 seconds .

========================================================================
Received Import Request.
  Time since last request: 3.292594 seconds.
  path: Assets/Prefabs/Food/Good1.prefab
  artifactKey: Guid(91f9f13609cdf5245ad4786be72af1b1) Importer(815301076,1909f56bfc062723c751e8b465ee728b)
Start importing Assets/Prefabs/Food/Good1.prefab using Guid(91f9f13609cdf5245ad4786be72af1b1) Importer(815301076,1909f56bfc062723c751e8b465ee728b)  -> (artifact id: 'd262bcda03b9ee02b041fb1c0a5e074d') in 0.062572 seconds
  Import took 0.068629 seconds .

========================================================================
Received Import Request.
  Time since last request: 0.000434 seconds.
  path: Assets/Prefabs/Food/Good3.prefab
  artifactKey: Guid(9e28c7abbfa4574418541d0a8d051bbd) Importer(815301076,1909f56bfc062723c751e8b465ee728b)
Start importing Assets/Prefabs/Food/Good3.prefab using Guid(9e28c7abbfa4574418541d0a8d051bbd) Importer(815301076,1909f56bfc062723c751e8b465ee728b)  -> (artifact id: 'f6c5104b7906f63182538e0d500bd884') in 0.065416 seconds
  Import took 0.069747 seconds .

========================================================================
Received Import Request.
  Time since last request: 0.000338 seconds.
  path: Assets/Prefabs/Food/Good2.prefab
  artifactKey: Guid(60c6c01533a7cda4bbdf5518ba4275da) Importer(815301076,1909f56bfc062723c751e8b465ee728b)
Start importing Assets/Prefabs/Food/Good2.prefab using Guid(60c6c01533a7cda4bbdf5518ba4275da) Importer(815301076,1909f56bfc062723c751e8b465ee728b)  -> (artifact id: '7d115c0af11282d3d057a11c0d1389f9') in 0.045860 seconds
  Import took 0.051216 seconds .

========================================================================
Received Import Request.
  Time since last request: 0.000316 seconds.
  path: Assets/Prefabs/Food/Good5.prefab
  artifactKey: Guid(3cc7524fbf15e5c4dafe4a50243b430e) Importer(815301076,1909f56bfc062723c751e8b465ee728b)
Start importing Assets/Prefabs/Food/Good5.prefab using Guid(3cc7524fbf15e5c4dafe4a50243b430e) Importer(815301076,1909f56bfc062723c751e8b465ee728b)  -> (artifact id: 'a0f51cb0d8aa0d8df875278eecee9327') in 0.046451 seconds
  Import took 0.052605 seconds .

========================================================================
Received Import Request.
  Time since last request: 0.000391 seconds.
  path: Assets/Prefabs/Food/Good2.prefab
  artifactKey: Guid(60c6c01533a7cda4bbdf5518ba4275da) Importer(815301076,1909f56bfc062723c751e8b465ee728b)
Start importing Assets/Prefabs/Food/Good2.prefab using Guid(60c6c01533a7cda4bbdf5518ba4275da) Importer(815301076,1909f56bfc062723c751e8b465ee728b)  -> (artifact id: '7d115c0af11282d3d057a11c0d1389f9') in 0.034340 seconds
  Import took 0.041229 seconds .

========================================================================
Received Import Request.
  Time since last request: 0.000310 seconds.
  path: Assets/Prefabs/Food/Good4.prefab
  artifactKey: Guid(d258d185437a8944e81216b8ce396187) Importer(815301076,1909f56bfc062723c751e8b465ee728b)
Start importing Assets/Prefabs/Food/Good4.prefab using Guid(d258d185437a8944e81216b8ce396187) Importer(815301076,1909f56bfc062723c751e8b465ee728b)  -> (artifact id: '3e725f2554775d83ee6ba9c33dcc7366') in 0.034371 seconds
  Import took 0.038949 seconds .

========================================================================
Received Import Request.
  Time since last request: 10.302789 seconds.
  path: Assets/Prefabs/Food/Good1.prefab
  artifactKey: Guid(91f9f13609cdf5245ad4786be72af1b1) Importer(815301076,1909f56bfc062723c751e8b465ee728b)
Start importing Assets/Prefabs/Food/Good1.prefab using Guid(91f9f13609cdf5245ad4786be72af1b1) Importer(815301076,1909f56bfc062723c751e8b465ee728b)  -> (artifact id: 'e9898911225e3c98203b6c212db5dc99') in 0.031502 seconds
  Import took 0.036763 seconds .

========================================================================
Received Import Request.
  Time since last request: 13.395480 seconds.
  path: Assets/Prefabs/Food/Good2.prefab
  artifactKey: Guid(60c6c01533a7cda4bbdf5518ba4275da) Importer(815301076,1909f56bfc062723c751e8b465ee728b)
Start importing Assets/Prefabs/Food/Good2.prefab using Guid(60c6c01533a7cda4bbdf5518ba4275da) Importer(815301076,1909f56bfc062723c751e8b465ee728b)  -> (artifact id: 'f91cf7e4808ffc394df7294cca1a8ae5') in 0.029183 seconds
  Import took 0.033906 seconds .

========================================================================
Received Import Request.
  Time since last request: 10.649244 seconds.
  path: Assets/Prefabs/Food/Good3.prefab
  artifactKey: Guid(9e28c7abbfa4574418541d0a8d051bbd) Importer(815301076,1909f56bfc062723c751e8b465ee728b)
Start importing Assets/Prefabs/Food/Good3.prefab using Guid(9e28c7abbfa4574418541d0a8d051bbd) Importer(815301076,1909f56bfc062723c751e8b465ee728b)  -> (artifact id: 'cce4ed8be2a10ca5de5d87f1e87e7206') in 0.029692 seconds
  Import took 0.035319 seconds .

========================================================================
Received Import Request.
  Time since last request: 10.649534 seconds.
  path: Assets/Prefabs/Food/Good4.prefab
  artifactKey: Guid(d258d185437a8944e81216b8ce396187) Importer(815301076,1909f56bfc062723c751e8b465ee728b)
Start importing Assets/Prefabs/Food/Good4.prefab using Guid(d258d185437a8944e81216b8ce396187) Importer(815301076,1909f56bfc062723c751e8b465ee728b)  -> (artifact id: 'ee17c91f8e2a350834f0e1c7089f465a') in 0.032795 seconds
  Import took 0.037884 seconds .

========================================================================
Received Import Request.
  Time since last request: 8.318078 seconds.
  path: Assets/Prefabs/Food/Good5.prefab
  artifactKey: Guid(3cc7524fbf15e5c4dafe4a50243b430e) Importer(815301076,1909f56bfc062723c751e8b465ee728b)
Start importing Assets/Prefabs/Food/Good5.prefab using Guid(3cc7524fbf15e5c4dafe4a50243b430e) Importer(815301076,1909f56bfc062723c751e8b465ee728b)  -> (artifact id: '1f6c3600adcc7de2949326bbf8429f99') in 0.031040 seconds
  Import took 0.036662 seconds .

========================================================================
Received Prepare
Registering precompiled user dll's ...
Registered in 0.009241 seconds.
Begin MonoManager ReloadAssembly
Native extension for WindowsStandalone target not found
Refreshing native plugins compatible for Editor in 0.59 ms, found 0 plugins.
Preloading 0 native plugins for Editor in 0.00 ms.
Invoked RoslynAnalysisRunner static constructor.
RoslynAnalysisRunner will not be running.
RoslynAnalysisRunner has terminated.
Mono: successfully reloaded assembly
- Completed reload, in  1.455 seconds
Platform modules already initialized, skipping
Refreshing native plugins compatible for Editor in 1.04 ms, found 0 plugins.
Preloading 0 native plugins for Editor in 0.00 ms.
Unloading 1275 Unused Serialized files (Serialized files now loaded: 0)
System memory in use before: 66.3 MB.
System memory in use after: 66.4 MB.

Unloading 25 unused Assets to reduce memory usage. Loaded Objects now: 1736.
Total: 2.947500 ms (FindLiveObjects: 0.265900 ms CreateObjectMapping: 0.154100 ms MarkObjects: 2.422500 ms  DeleteObjects: 0.103200 ms)

========================================================================
Received Prepare
Registering precompiled user dll's ...
Registered in 0.006937 seconds.
Begin MonoManager ReloadAssembly
Native extension for WindowsStandalone target not found
Refreshing native plugins compatible for Editor in 0.60 ms, found 0 plugins.
Preloading 0 native plugins for Editor in 0.00 ms.
Invoked RoslynAnalysisRunner static constructor.
RoslynAnalysisRunner will not be running.
RoslynAnalysisRunner has terminated.
Mono: successfully reloaded assembly
- Completed reload, in  1.555 seconds
Platform modules already initialized, skipping
Refreshing native plugins compatible for Editor in 1.17 ms, found 0 plugins.
Preloading 0 native plugins for Editor in 0.00 ms.
Unloading 1275 Unused Serialized files (Serialized files now loaded: 0)
System memory in use before: 66.3 MB.
System memory in use after: 66.4 MB.

Unloading 25 unused Assets to reduce memory usage. Loaded Objects now: 1739.
Total: 2.876900 ms (FindLiveObjects: 0.186200 ms CreateObjectMapping: 0.070200 ms MarkObjects: 2.515000 ms  DeleteObjects: 0.103200 ms)

========================================================================
Received Prepare
Registering precompiled user dll's ...
Registered in 0.006729 seconds.
Begin MonoManager ReloadAssembly
Native extension for WindowsStandalone target not found
Refreshing native plugins compatible for Editor in 0.61 ms, found 0 plugins.
Preloading 0 native plugins for Editor in 0.00 ms.
Invoked RoslynAnalysisRunner static constructor.
RoslynAnalysisRunner will not be running.
RoslynAnalysisRunner has terminated.
Mono: successfully reloaded assembly
- Completed reload, in  1.721 seconds
Platform modules already initialized, skipping
Refreshing native plugins compatible for Editor in 1.04 ms, found 0 plugins.
Preloading 0 native plugins for Editor in 0.00 ms.
Unloading 1275 Unused Serialized files (Serialized files now loaded: 0)
System memory in use before: 66.3 MB.
System memory in use after: 66.4 MB.

Unloading 25 unused Assets to reduce memory usage. Loaded Objects now: 1742.
Total: 3.335500 ms (FindLiveObjects: 0.268600 ms CreateObjectMapping: 0.154100 ms MarkObjects: 2.781500 ms  DeleteObjects: 0.128700 ms)

========================================================================
Received Prepare
Registering precompiled user dll's ...
Registered in 0.016270 seconds.
Begin MonoManager ReloadAssembly
Native extension for WindowsStandalone target not found
Refreshing native plugins compatible for Editor in 0.61 ms, found 0 plugins.
Preloading 0 native plugins for Editor in 0.00 ms.
Invoked RoslynAnalysisRunner static constructor.
RoslynAnalysisRunner will not be running.
RoslynAnalysisRunner has terminated.
Mono: successfully reloaded assembly
- Completed reload, in  1.954 seconds
Platform modules already initialized, skipping
Refreshing native plugins compatible for Editor in 0.66 ms, found 0 plugins.
Preloading 0 native plugins for Editor in 0.00 ms.
Unloading 1275 Unused Serialized files (Serialized files now loaded: 0)
System memory in use before: 66.3 MB.
System memory in use after: 66.4 MB.

Unloading 25 unused Assets to reduce memory usage. Loaded Objects now: 1745.
Total: 2.612500 ms (FindLiveObjects: 0.242400 ms CreateObjectMapping: 0.139400 ms MarkObjects: 2.131500 ms  DeleteObjects: 0.096700 ms)

========================================================================
Received Prepare
Registering precompiled user dll's ...
Registered in 0.007615 seconds.
Begin MonoManager ReloadAssembly
Native extension for WindowsStandalone target not found
Refreshing native plugins compatible for Editor in 0.71 ms, found 0 plugins.
Preloading 0 native plugins for Editor in 0.00 ms.
Invoked RoslynAnalysisRunner static constructor.
RoslynAnalysisRunner will not be running.
RoslynAnalysisRunner has terminated.
Mono: successfully reloaded assembly
- Completed reload, in  1.829 seconds
Platform modules already initialized, skipping
Refreshing native plugins compatible for Editor in 0.68 ms, found 0 plugins.
Preloading 0 native plugins for Editor in 0.00 ms.
Unloading 1275 Unused Serialized files (Serialized files now loaded: 0)
System memory in use before: 66.3 MB.
System memory in use after: 66.4 MB.

Unloading 25 unused Assets to reduce memory usage. Loaded Objects now: 1748.
Total: 3.081800 ms (FindLiveObjects: 0.272200 ms CreateObjectMapping: 0.146400 ms MarkObjects: 2.477700 ms  DeleteObjects: 0.183600 ms)

========================================================================
Received Prepare
Registering precompiled user dll's ...
Registered in 0.007237 seconds.
Begin MonoManager ReloadAssembly
Native extension for WindowsStandalone target not found
Refreshing native plugins compatible for Editor in 0.60 ms, found 0 plugins.
Preloading 0 native plugins for Editor in 0.00 ms.
Invoked RoslynAnalysisRunner static constructor.
RoslynAnalysisRunner will not be running.
RoslynAnalysisRunner has terminated.
Mono: successfully reloaded assembly
- Completed reload, in  1.453 seconds
Platform modules already initialized, skipping
Refreshing native plugins compatible for Editor in 0.80 ms, found 0 plugins.
Preloading 0 native plugins for Editor in 0.00 ms.
Unloading 1275 Unused Serialized files (Serialized files now loaded: 0)
System memory in use before: 66.3 MB.
System memory in use after: 66.4 MB.

Unloading 25 unused Assets to reduce memory usage. Loaded Objects now: 1751.
Total: 2.725100 ms (FindLiveObjects: 0.337300 ms CreateObjectMapping: 0.135400 ms MarkObjects: 2.160300 ms  DeleteObjects: 0.089900 ms)

========================================================================
Received Import Request.
  Time since last request: 3338.644851 seconds.
  path: Assets/Prefabs/Food/Good3.prefab
  artifactKey: Guid(9e28c7abbfa4574418541d0a8d051bbd) Importer(815301076,1909f56bfc062723c751e8b465ee728b)
Start importing Assets/Prefabs/Food/Good3.prefab using Guid(9e28c7abbfa4574418541d0a8d051bbd) Importer(815301076,1909f56bfc062723c751e8b465ee728b)  -> (artifact id: 'f80a8eb5fe6038fc44dd9b11a4c694c4') in 0.171107 seconds
  Import took 0.176294 seconds .

========================================================================
Received Import Request.
  Time since last request: 0.000715 seconds.
  path: Assets/Prefabs/Food/Good2.prefab
  artifactKey: Guid(60c6c01533a7cda4bbdf5518ba4275da) Importer(815301076,1909f56bfc062723c751e8b465ee728b)
Start importing Assets/Prefabs/Food/Good2.prefab using Guid(60c6c01533a7cda4bbdf5518ba4275da) Importer(815301076,1909f56bfc062723c751e8b465ee728b)  -> (artifact id: '18e7f31701e4a2276b76a8c2c4bbb023') in 0.034042 seconds
  Import took 0.038713 seconds .

========================================================================
Received Import Request.
  Time since last request: 0.000926 seconds.
  path: Assets/Prefabs/Food/Good5.prefab
  artifactKey: Guid(3cc7524fbf15e5c4dafe4a50243b430e) Importer(815301076,1909f56bfc062723c751e8b465ee728b)
Start importing Assets/Prefabs/Food/Good5.prefab using Guid(3cc7524fbf15e5c4dafe4a50243b430e) Importer(815301076,1909f56bfc062723c751e8b465ee728b)  -> (artifact id: '122c341896d476f12ba469e6a8be0ac8') in 0.037902 seconds
  Import took 0.044793 seconds .

========================================================================
Received Import Request.
  Time since last request: 0.000368 seconds.
  path: Assets/Prefabs/Food/Good4.prefab
  artifactKey: Guid(d258d185437a8944e81216b8ce396187) Importer(815301076,1909f56bfc062723c751e8b465ee728b)
Start importing Assets/Prefabs/Food/Good4.prefab using Guid(d258d185437a8944e81216b8ce396187) Importer(815301076,1909f56bfc062723c751e8b465ee728b)  -> (artifact id: '502d91b16c88c0b72684fc94e02a1923') in 0.038425 seconds
  Import took 0.042945 seconds .

========================================================================
Received Import Request.
  Time since last request: 0.000314 seconds.
  path: Assets/Prefabs/Food/Good1.prefab
  artifactKey: Guid(91f9f13609cdf5245ad4786be72af1b1) Importer(815301076,1909f56bfc062723c751e8b465ee728b)
Start importing Assets/Prefabs/Food/Good1.prefab using Guid(91f9f13609cdf5245ad4786be72af1b1) Importer(815301076,1909f56bfc062723c751e8b465ee728b)  -> (artifact id: '3028a5b0a1008d606d858fb18d48ce22') in 0.036845 seconds
  Import took 0.042908 seconds .

========================================================================
Received Prepare
Registering precompiled user dll's ...
Registered in 0.006319 seconds.
Begin MonoManager ReloadAssembly
Native extension for WindowsStandalone target not found
Refreshing native plugins compatible for Editor in 0.63 ms, found 0 plugins.
Preloading 0 native plugins for Editor in 0.00 ms.
Invoked RoslynAnalysisRunner static constructor.
RoslynAnalysisRunner will not be running.
RoslynAnalysisRunner has terminated.
Mono: successfully reloaded assembly
- Completed reload, in  1.545 seconds
Platform modules already initialized, skipping
Refreshing native plugins compatible for Editor in 0.65 ms, found 0 plugins.
Preloading 0 native plugins for Editor in 0.00 ms.
Unloading 1275 Unused Serialized files (Serialized files now loaded: 0)
System memory in use before: 66.3 MB.
System memory in use after: 66.4 MB.

Unloading 25 unused Assets to reduce memory usage. Loaded Objects now: 1755.
Total: 2.662100 ms (FindLiveObjects: 0.229500 ms CreateObjectMapping: 0.132600 ms MarkObjects: 2.208900 ms  DeleteObjects: 0.089400 ms)

========================================================================
Received Import Request.
  Time since last request: 44.593034 seconds.
  path: Assets/Prefabs/Food/Good3.prefab
  artifactKey: Guid(9e28c7abbfa4574418541d0a8d051bbd) Importer(815301076,1909f56bfc062723c751e8b465ee728b)
Start importing Assets/Prefabs/Food/Good3.prefab using Guid(9e28c7abbfa4574418541d0a8d051bbd) Importer(815301076,1909f56bfc062723c751e8b465ee728b)  -> (artifact id: '77a1ed62eb3357ceb7f70f0be355e263') in 0.099546 seconds
  Import took 0.103918 seconds .

========================================================================
Received Import Request.
  Time since last request: 0.000334 seconds.
  path: Assets/Prefabs/Food/Good2.prefab
  artifactKey: Guid(60c6c01533a7cda4bbdf5518ba4275da) Importer(815301076,1909f56bfc062723c751e8b465ee728b)
Start importing Assets/Prefabs/Food/Good2.prefab using Guid(60c6c01533a7cda4bbdf5518ba4275da) Importer(815301076,1909f56bfc062723c751e8b465ee728b)  -> (artifact id: '33e55b4f817e58aca4d91b52fe2d9781') in 0.024176 seconds
  Import took 0.030168 seconds .

========================================================================
Received Import Request.
  Time since last request: 0.000395 seconds.
  path: Assets/Prefabs/Food/Good5.prefab
  artifactKey: Guid(3cc7524fbf15e5c4dafe4a50243b430e) Importer(815301076,1909f56bfc062723c751e8b465ee728b)
Start importing Assets/Prefabs/Food/Good5.prefab using Guid(3cc7524fbf15e5c4dafe4a50243b430e) Importer(815301076,1909f56bfc062723c751e8b465ee728b)  -> (artifact id: '2ecec3808261a605e3ce3ca1e27a7964') in 0.032535 seconds
  Import took 0.039469 seconds .

========================================================================
Received Import Request.
  Time since last request: 0.000334 seconds.
  path: Assets/Prefabs/Food/Good4.prefab
  artifactKey: Guid(d258d185437a8944e81216b8ce396187) Importer(815301076,1909f56bfc062723c751e8b465ee728b)
Start importing Assets/Prefabs/Food/Good4.prefab using Guid(d258d185437a8944e81216b8ce396187) Importer(815301076,1909f56bfc062723c751e8b465ee728b)  -> (artifact id: '52f672e1d744f9933d668329ac4e2849') in 0.028221 seconds
  Import took 0.033139 seconds .

========================================================================
Received Import Request.
  Time since last request: 0.000335 seconds.
  path: Assets/Prefabs/Food/Good1.prefab
  artifactKey: Guid(91f9f13609cdf5245ad4786be72af1b1) Importer(815301076,1909f56bfc062723c751e8b465ee728b)
Start importing Assets/Prefabs/Food/Good1.prefab using Guid(91f9f13609cdf5245ad4786be72af1b1) Importer(815301076,1909f56bfc062723c751e8b465ee728b)  -> (artifact id: '5440a623d043b30a5f0f3235af6fa088') in 0.025864 seconds
  Import took 0.030344 seconds .

========================================================================
Received Import Request.
  Time since last request: 16.528572 seconds.
  path: Assets/Prefabs/Enemies/BadBomb.prefab
  artifactKey: Guid(ae915dbdfca9f964a8de3a477fbc434a) Importer(815301076,1909f56bfc062723c751e8b465ee728b)
Start importing Assets/Prefabs/Enemies/BadBomb.prefab using Guid(ae915dbdfca9f964a8de3a477fbc434a) Importer(815301076,1909f56bfc062723c751e8b465ee728b)  -> (artifact id: 'f59409c18840c77bbb98d349d1a27c29') in 0.097161 seconds
  Import took 0.103142 seconds .

========================================================================
Received Import Request.
  Time since last request: 0.000375 seconds.
  path: Assets/Prefabs/Enemies/BadDeath.prefab
  artifactKey: Guid(ad12ba50d3c86c145a0895b2ac589201) Importer(815301076,1909f56bfc062723c751e8b465ee728b)
Start importing Assets/Prefabs/Enemies/BadDeath.prefab using Guid(ad12ba50d3c86c145a0895b2ac589201) Importer(815301076,1909f56bfc062723c751e8b465ee728b)  -> (artifact id: 'a543591f85deeaf1eee06fb0d3b3853e') in 0.053858 seconds
  Import took 0.058641 seconds .

========================================================================
Received Import Request.
  Time since last request: 12.981571 seconds.
  path: Assets/Prefabs/Food/Good1.prefab
  artifactKey: Guid(91f9f13609cdf5245ad4786be72af1b1) Importer(815301076,1909f56bfc062723c751e8b465ee728b)
Start importing Assets/Prefabs/Food/Good1.prefab using Guid(91f9f13609cdf5245ad4786be72af1b1) Importer(815301076,1909f56bfc062723c751e8b465ee728b)  -> (artifact id: 'e59f26b902f209d574fb2feaf7f623c7') in 0.035533 seconds
  Import took 0.042016 seconds .

========================================================================
Received Import Request.
  Time since last request: 38.572271 seconds.
  path: Assets/Prefabs/Food/Good2.prefab
  artifactKey: Guid(60c6c01533a7cda4bbdf5518ba4275da) Importer(815301076,1909f56bfc062723c751e8b465ee728b)
Start importing Assets/Prefabs/Food/Good2.prefab using Guid(60c6c01533a7cda4bbdf5518ba4275da) Importer(815301076,1909f56bfc062723c751e8b465ee728b)  -> (artifact id: '0e1a9a7282e134c5409e022ebb65e5ce') in 0.028060 seconds
  Import took 0.033891 seconds .

========================================================================
Received Import Request.
  Time since last request: 23.512779 seconds.
  path: Assets/Prefabs/Food/Good3.prefab
  artifactKey: Guid(9e28c7abbfa4574418541d0a8d051bbd) Importer(815301076,1909f56bfc062723c751e8b465ee728b)
Start importing Assets/Prefabs/Food/Good3.prefab using Guid(9e28c7abbfa4574418541d0a8d051bbd) Importer(815301076,1909f56bfc062723c751e8b465ee728b)  -> (artifact id: 'c07b90a7382afbb75e9c0ad36c260a67') in 0.028734 seconds
  Import took 0.034182 seconds .

========================================================================
Received Import Request.
  Time since last request: 21.806316 seconds.
  path: Assets/Prefabs/Food/Good4.prefab
  artifactKey: Guid(d258d185437a8944e81216b8ce396187) Importer(815301076,1909f56bfc062723c751e8b465ee728b)
Start importing Assets/Prefabs/Food/Good4.prefab using Guid(d258d185437a8944e81216b8ce396187) Importer(815301076,1909f56bfc062723c751e8b465ee728b)  -> (artifact id: '956511e482a635d25ce56116fce65b5f') in 0.028588 seconds
  Import took 0.033986 seconds .

========================================================================
Received Import Request.
  Time since last request: 20.691420 seconds.
  path: Assets/Prefabs/Food/Good5.prefab
  artifactKey: Guid(3cc7524fbf15e5c4dafe4a50243b430e) Importer(815301076,1909f56bfc062723c751e8b465ee728b)
Start importing Assets/Prefabs/Food/Good5.prefab using Guid(3cc7524fbf15e5c4dafe4a50243b430e) Importer(815301076,1909f56bfc062723c751e8b465ee728b)  -> (artifact id: '1d498e7dcd7cf60c700af36e61812ae1') in 0.030937 seconds
  Import took 0.037474 seconds .

========================================================================
Received Import Request.
  Time since last request: 21.565807 seconds.
  path: Assets/Prefabs/Enemies/BadBomb.prefab
  artifactKey: Guid(ae915dbdfca9f964a8de3a477fbc434a) Importer(815301076,1909f56bfc062723c751e8b465ee728b)
Start importing Assets/Prefabs/Enemies/BadBomb.prefab using Guid(ae915dbdfca9f964a8de3a477fbc434a) Importer(815301076,1909f56bfc062723c751e8b465ee728b)  -> (artifact id: '073b6401f52f60feeb5dc9780d509268') in 0.054732 seconds
  Import took 0.060382 seconds .

========================================================================
Received Import Request.
  Time since last request: 23.057157 seconds.
  path: Assets/Prefabs/Enemies/BadDeath.prefab
  artifactKey: Guid(ad12ba50d3c86c145a0895b2ac589201) Importer(815301076,1909f56bfc062723c751e8b465ee728b)
Start importing Assets/Prefabs/Enemies/BadDeath.prefab using Guid(ad12ba50d3c86c145a0895b2ac589201) Importer(815301076,1909f56bfc062723c751e8b465ee728b)  -> (artifact id: '9df76d38b80f25e995c18cac4d434066') in 0.036485 seconds
  Import took 0.042027 seconds .

========================================================================
Received Prepare
Registering precompiled user dll's ...
Registered in 0.011588 seconds.
Begin MonoManager ReloadAssembly
Native extension for WindowsStandalone target not found
Refreshing native plugins compatible for Editor in 0.66 ms, found 0 plugins.
Preloading 0 native plugins for Editor in 0.00 ms.
Invoked RoslynAnalysisRunner static constructor.
RoslynAnalysisRunner will not be running.
RoslynAnalysisRunner has terminated.
Mono: successfully reloaded assembly
- Completed reload, in  2.000 seconds
Platform modules already initialized, skipping
Refreshing native plugins compatible for Editor in 0.70 ms, found 0 plugins.
Preloading 0 native plugins for Editor in 0.00 ms.
Unloading 1275 Unused Serialized files (Serialized files now loaded: 0)
System memory in use before: 66.4 MB.
System memory in use after: 66.5 MB.

Unloading 25 unused Assets to reduce memory usage. Loaded Objects now: 1760.
Total: 3.041800 ms (FindLiveObjects: 0.340500 ms CreateObjectMapping: 0.148400 ms MarkObjects: 2.416100 ms  DeleteObjects: 0.134700 ms)

========================================================================
Received Import Request.
  Time since last request: 1911.407807 seconds.
  path: Assets/Fonts/TMP/Japon SDF.asset
  artifactKey: Guid(cccd05333d3df9b44b3f5874721c4f15) Importer(815301076,1909f56bfc062723c751e8b465ee728b)
Start importing Assets/Fonts/TMP/Japon SDF.asset using Guid(cccd05333d3df9b44b3f5874721c4f15) Importer(815301076,1909f56bfc062723c751e8b465ee728b)  -> (artifact id: '70304f828b3d9ba9fe4cbe629db7f2ed') in 0.269091 seconds
  Import took 0.275492 seconds .

========================================================================
Received Import Request.
  Time since last request: 161.665822 seconds.
  path: Assets/Fonts/TMP/Japon SDF.mat
  artifactKey: Guid(0d2090cfaf3e05f429b4952322b2cfd4) Importer(815301076,1909f56bfc062723c751e8b465ee728b)
Start importing Assets/Fonts/TMP/Japon SDF.mat using Guid(0d2090cfaf3e05f429b4952322b2cfd4) Importer(815301076,1909f56bfc062723c751e8b465ee728b)  -> (artifact id: '1f59c1d1d258ffb44ea61987cadcd4d2') in 0.063665 seconds
  Import took 0.068332 seconds .

========================================================================
Received Import Request.
  Time since last request: 289.071683 seconds.
  path: ProjectSettings/TagManager.asset
  artifactKey: Guid(00000000000000003000000000000000) Importer(815301076,1909f56bfc062723c751e8b465ee728b)
Start importing ProjectSettings/TagManager.asset using Guid(00000000000000003000000000000000) Importer(815301076,1909f56bfc062723c751e8b465ee728b)  -> (artifact id: '7c28a7cf5b968e3b059778c821cf1560') in 0.017584 seconds
  Import took 0.023888 seconds .

========================================================================
Received Import Request.
  Time since last request: 31.047398 seconds.
  path: Assets/Prefabs/Enemies/BadBomb.prefab
  artifactKey: Guid(ae915dbdfca9f964a8de3a477fbc434a) Importer(815301076,1909f56bfc062723c751e8b465ee728b)
Start importing Assets/Prefabs/Enemies/BadBomb.prefab using Guid(ae915dbdfca9f964a8de3a477fbc434a) Importer(815301076,1909f56bfc062723c751e8b465ee728b)  -> (artifact id: '274514d168e726f51463d9f8f41347b4') in 0.126045 seconds
  Import took 0.131653 seconds .

========================================================================
Received Import Request.
  Time since last request: 23.655158 seconds.
  path: Assets/Prefabs/Enemies/BadDeath.prefab
  artifactKey: Guid(ad12ba50d3c86c145a0895b2ac589201) Importer(815301076,1909f56bfc062723c751e8b465ee728b)
Start importing Assets/Prefabs/Enemies/BadDeath.prefab using Guid(ad12ba50d3c86c145a0895b2ac589201) Importer(815301076,1909f56bfc062723c751e8b465ee728b)  -> (artifact id: '8fb3ab654173276eba9d878c7e34623c') in 0.047077 seconds
  Import took 0.052622 seconds .

========================================================================
Received Import Request.
  Time since last request: 8.167900 seconds.
  path: Assets/Prefabs/Food/Good1.prefab
  artifactKey: Guid(91f9f13609cdf5245ad4786be72af1b1) Importer(815301076,1909f56bfc062723c751e8b465ee728b)
Start importing Assets/Prefabs/Food/Good1.prefab using Guid(91f9f13609cdf5245ad4786be72af1b1) Importer(815301076,1909f56bfc062723c751e8b465ee728b)  -> (artifact id: 'c9d6791f405172bffcea922dc74b57aa') in 0.038503 seconds
  Import took 0.044848 seconds .

========================================================================
Received Import Request.
  Time since last request: 0.000344 seconds.
  path: Assets/Prefabs/Food/Good3.prefab
  artifactKey: Guid(9e28c7abbfa4574418541d0a8d051bbd) Importer(815301076,1909f56bfc062723c751e8b465ee728b)
Start importing Assets/Prefabs/Food/Good3.prefab using Guid(9e28c7abbfa4574418541d0a8d051bbd) Importer(815301076,1909f56bfc062723c751e8b465ee728b)  -> (artifact id: 'e613a71b4887b90909c049eb0dab7d62') in 0.045762 seconds
  Import took 0.051397 seconds .

========================================================================
Received Import Request.
  Time since last request: 0.000298 seconds.
  path: Assets/Prefabs/Food/Good2.prefab
  artifactKey: Guid(60c6c01533a7cda4bbdf5518ba4275da) Importer(815301076,1909f56bfc062723c751e8b465ee728b)
Start importing Assets/Prefabs/Food/Good2.prefab using Guid(60c6c01533a7cda4bbdf5518ba4275da) Importer(815301076,1909f56bfc062723c751e8b465ee728b)  -> (artifact id: '3c735611ec72fa1d9e7310a392113344') in 0.039402 seconds
  Import took 0.044611 seconds .

========================================================================
Received Import Request.
  Time since last request: 0.000460 seconds.
  path: Assets/Prefabs/Food/Good5.prefab
  artifactKey: Guid(3cc7524fbf15e5c4dafe4a50243b430e) Importer(815301076,1909f56bfc062723c751e8b465ee728b)
Start importing Assets/Prefabs/Food/Good5.prefab using Guid(3cc7524fbf15e5c4dafe4a50243b430e) Importer(815301076,1909f56bfc062723c751e8b465ee728b)  -> (artifact id: 'a22755cda80707d3ee427cd36ada4028') in 0.031970 seconds
  Import took 0.037603 seconds .

========================================================================
Received Import Request.
  Time since last request: 0.000316 seconds.
  path: Assets/Prefabs/Food/Good4.prefab
  artifactKey: Guid(d258d185437a8944e81216b8ce396187) Importer(815301076,1909f56bfc062723c751e8b465ee728b)
Start importing Assets/Prefabs/Food/Good4.prefab using Guid(d258d185437a8944e81216b8ce396187) Importer(815301076,1909f56bfc062723c751e8b465ee728b)  -> (artifact id: 'c2aab417d044188fb1f05d448b6b2ec4') in 0.031811 seconds
  Import took 0.036644 seconds .

========================================================================
Received Prepare
Registering precompiled user dll's ...
Registered in 0.007400 seconds.
Begin MonoManager ReloadAssembly
Native extension for WindowsStandalone target not found
Refreshing native plugins compatible for Editor in 0.69 ms, found 0 plugins.
Preloading 0 native plugins for Editor in 0.00 ms.
Invoked RoslynAnalysisRunner static constructor.
RoslynAnalysisRunner will not be running.
RoslynAnalysisRunner has terminated.
Mono: successfully reloaded assembly
- Completed reload, in  2.834 seconds
Platform modules already initialized, skipping
Refreshing native plugins compatible for Editor in 0.64 ms, found 0 plugins.
Preloading 0 native plugins for Editor in 0.00 ms.
Unloading 1275 Unused Serialized files (Serialized files now loaded: 0)
System memory in use before: 66.7 MB.
System memory in use after: 66.7 MB.

Unloading 26 unused Assets to reduce memory usage. Loaded Objects now: 1799.
Total: 11.436700 ms (FindLiveObjects: 0.514600 ms CreateObjectMapping: 0.094700 ms MarkObjects: 9.644600 ms  DeleteObjects: 1.179600 ms)

========================================================================
Received Prepare
Registering precompiled user dll's ...
Registered in 0.011794 seconds.
Begin MonoManager ReloadAssembly
Native extension for WindowsStandalone target not found
Refreshing native plugins compatible for Editor in 0.63 ms, found 0 plugins.
Preloading 0 native plugins for Editor in 0.00 ms.
Invoked RoslynAnalysisRunner static constructor.
RoslynAnalysisRunner will not be running.
RoslynAnalysisRunner has terminated.
Mono: successfully reloaded assembly
- Completed reload, in  1.520 seconds
Platform modules already initialized, skipping
Refreshing native plugins compatible for Editor in 1.18 ms, found 0 plugins.
Preloading 0 native plugins for Editor in 0.00 ms.
Unloading 1275 Unused Serialized files (Serialized files now loaded: 0)
System memory in use before: 66.7 MB.
System memory in use after: 66.7 MB.

Unloading 25 unused Assets to reduce memory usage. Loaded Objects now: 1802.
Total: 3.074200 ms (FindLiveObjects: 0.356800 ms CreateObjectMapping: 0.157000 ms MarkObjects: 2.454200 ms  DeleteObjects: 0.101500 ms)

========================================================================
Received Prepare
Registering precompiled user dll's ...
Registered in 0.020303 seconds.
Begin MonoManager ReloadAssembly
Native extension for WindowsStandalone target not found
Refreshing native plugins compatible for Editor in 0.77 ms, found 0 plugins.
Preloading 0 native plugins for Editor in 0.00 ms.
Invoked RoslynAnalysisRunner static constructor.
RoslynAnalysisRunner will not be running.
RoslynAnalysisRunner has terminated.
Mono: successfully reloaded assembly
- Completed reload, in  2.425 seconds
Platform modules already initialized, skipping
Refreshing native plugins compatible for Editor in 1.79 ms, found 0 plugins.
Preloading 0 native plugins for Editor in 0.00 ms.
Unloading 1275 Unused Serialized files (Serialized files now loaded: 0)
System memory in use before: 66.7 MB.
System memory in use after: 66.7 MB.

Unloading 25 unused Assets to reduce memory usage. Loaded Objects now: 1805.
Total: 6.986500 ms (FindLiveObjects: 0.576200 ms CreateObjectMapping: 0.194700 ms MarkObjects: 5.584300 ms  DeleteObjects: 0.626900 ms)

AssetImportWorkerClient::OnTransportError - code=2 error=End of file
